[INFO ] 2019-03-08T02:12:11,899 [main] ServerKt - Starting ServerKt on LAPTOP-M661KEM1 with PID 20232 (C:\Personal\samples\cordapp-example\clients\build\classes\kotlin\main started by ideapad in C:\Personal\samples\cordapp-example\clients)
[INFO ] 2019-03-08T02:12:12,195 [main] ServerKt - No active profile set, falling back to default profiles: default
[INFO ] 2019-03-08T02:12:13,522 [main] AnnotationConfigEmbeddedWebApplicationContext - Refreshing org.springframework.boot.context.embedded.AnnotationConfigEmbeddedWebApplicationContext@f4a3a8d: startup date [Fri Mar 08 07:42:13 IST 2019]; root of context hierarchy
[INFO ] 2019-03-08T02:12:23,111 [background-preinit] Version - HV000001: Hibernate Validator 5.3.5.Final
[INFO ] 2019-03-08T02:12:28,973 [main] PostProcessorRegistrationDelegate$BeanPostProcessorChecker - Bean 'org.springframework.amqp.rabbit.annotation.RabbitBootstrapConfiguration' of type [org.springframework.amqp.rabbit.annotation.RabbitBootstrapConfiguration$$EnhancerBySpringCGLIB$$bb2386ca] is not eligible for getting processed by all BeanPostProcessors (for example: not eligible for auto-proxying)
[INFO ] 2019-03-08T02:12:32,497 [main] TomcatEmbeddedServletContainer - Tomcat initialized with port(s): 50005 (http)
[INFO ] 2019-03-08T02:12:32,547 [main] StandardService - Starting service [Tomcat]
[INFO ] 2019-03-08T02:12:32,551 [main] StandardEngine - Starting Servlet Engine: Apache Tomcat/8.5.20
[INFO ] 2019-03-08T02:12:33,287 [localhost-startStop-1] [/] - Initializing Spring embedded WebApplicationContext
[INFO ] 2019-03-08T02:12:33,287 [localhost-startStop-1] ContextLoader - Root WebApplicationContext: initialization completed in 20034 ms
[INFO ] 2019-03-08T02:12:33,565 [localhost-startStop-1] ServletRegistrationBean - Mapping servlet: 'dispatcherServlet' to [/]
[INFO ] 2019-03-08T02:12:33,577 [localhost-startStop-1] FilterRegistrationBean - Mapping filter: 'characterEncodingFilter' to: [/*]
[INFO ] 2019-03-08T02:12:33,579 [localhost-startStop-1] FilterRegistrationBean - Mapping filter: 'hiddenHttpMethodFilter' to: [/*]
[INFO ] 2019-03-08T02:12:33,579 [localhost-startStop-1] FilterRegistrationBean - Mapping filter: 'httpPutFormContentFilter' to: [/*]
[INFO ] 2019-03-08T02:12:33,580 [localhost-startStop-1] FilterRegistrationBean - Mapping filter: 'requestContextFilter' to: [/*]
[INFO ] 2019-03-08T02:12:53,542 [main] RPCClient - Startup took 17891 msec
[INFO ] 2019-03-08T02:12:57,101 [main] RequestMappingHandlerAdapter - Looking for @ControllerAdvice: org.springframework.boot.context.embedded.AnnotationConfigEmbeddedWebApplicationContext@f4a3a8d: startup date [Fri Mar 08 07:42:13 IST 2019]; root of context hierarchy
[INFO ] 2019-03-08T02:12:59,034 [main] RequestMappingHandlerMapping - Mapped "{[/api/trading/me],methods=[GET],produces=[application/json]}" onto public final java.util.Map<java.lang.String, net.corda.core.identity.CordaX500Name> com.example.server.MainController.whoami()
[INFO ] 2019-03-08T02:12:59,049 [main] RequestMappingHandlerMapping - Mapped "{[/api/trading/create-trade],methods=[POST],consumes=[application/x-www-form-urlencoded],produces=[text/plain]}" onto public final org.springframework.http.ResponseEntity<java.lang.String> com.example.server.MainController.createIOU(javax.servlet.http.HttpServletRequest)
[INFO ] 2019-03-08T02:12:59,051 [main] RequestMappingHandlerMapping - Mapped "{[/api/trading/peers],methods=[GET],produces=[application/json]}" onto public final java.util.Map<java.lang.String, java.util.List<net.corda.core.identity.CordaX500Name>> com.example.server.MainController.getPeers()
[INFO ] 2019-03-08T02:12:59,053 [main] RequestMappingHandlerMapping - Mapped "{[/api/trading/trades],methods=[GET],produces=[application/json]}" onto public final org.springframework.http.ResponseEntity<java.util.List<net.corda.core.contracts.StateAndRef<com.example.state.TradeState>>> com.example.server.MainController.getTrades()
[INFO ] 2019-03-08T02:12:59,054 [main] RequestMappingHandlerMapping - Mapped "{[/api/trading/getTrade],methods=[GET],produces=[application/json]}" onto public final org.springframework.http.ResponseEntity<java.util.List<net.corda.core.contracts.StateAndRef<com.example.state.TradeState>>> com.example.server.MainController.getTransactionDetails(java.lang.String)
[INFO ] 2019-03-08T02:12:59,078 [main] RequestMappingHandlerMapping - Mapped "{[/error]}" onto public org.springframework.http.ResponseEntity<java.util.Map<java.lang.String, java.lang.Object>> org.springframework.boot.autoconfigure.web.BasicErrorController.error(javax.servlet.http.HttpServletRequest)
[INFO ] 2019-03-08T02:12:59,079 [main] RequestMappingHandlerMapping - Mapped "{[/error],produces=[text/html]}" onto public org.springframework.web.servlet.ModelAndView org.springframework.boot.autoconfigure.web.BasicErrorController.errorHtml(javax.servlet.http.HttpServletRequest,javax.servlet.http.HttpServletResponse)
[INFO ] 2019-03-08T02:12:59,223 [main] SimpleUrlHandlerMapping - Mapped URL path [/webjars/**] onto handler of type [class org.springframework.web.servlet.resource.ResourceHttpRequestHandler]
[INFO ] 2019-03-08T02:12:59,224 [main] SimpleUrlHandlerMapping - Mapped URL path [/**] onto handler of type [class org.springframework.web.servlet.resource.ResourceHttpRequestHandler]
[INFO ] 2019-03-08T02:12:59,383 [main] SimpleUrlHandlerMapping - Mapped URL path [/**/favicon.ico] onto handler of type [class org.springframework.web.servlet.resource.ResourceHttpRequestHandler]
[INFO ] 2019-03-08T02:12:59,899 [main] WebMvcAutoConfiguration$WelcomePageHandlerMapping - Adding welcome page: class path resource [public/index.html]
[INFO ] 2019-03-08T02:13:03,512 [main] AnnotationMBeanExporter - Registering beans for JMX exposure on startup
[INFO ] 2019-03-08T02:13:03,561 [main] DefaultLifecycleProcessor - Starting beans in phase 2147483647
[INFO ] 2019-03-08T02:13:03,730 [main] Http11NioProtocol - Initializing ProtocolHandler ["http-nio-50005"]
[INFO ] 2019-03-08T02:13:03,778 [main] Http11NioProtocol - Starting ProtocolHandler ["http-nio-50005"]
[INFO ] 2019-03-08T02:13:03,782 [main] NioSelectorPool - Using a shared selector for servlet write/read
[INFO ] 2019-03-08T02:13:03,985 [main] TomcatEmbeddedServletContainer - Tomcat started on port(s): 50005 (http)
[INFO ] 2019-03-08T02:13:04,002 [main] ServerKt - Started ServerKt in 59.103 seconds (JVM running for 66.358)
[INFO ] 2019-03-08T02:13:31,103 [main] ServerKt - Starting ServerKt on LAPTOP-M661KEM1 with PID 9556 (C:\Personal\samples\cordapp-example\clients\build\classes\kotlin\main started by ideapad in C:\Personal\samples\cordapp-example\clients)
[INFO ] 2019-03-08T02:13:31,128 [main] ServerKt - No active profile set, falling back to default profiles: default
[INFO ] 2019-03-08T02:13:31,756 [main] AnnotationConfigEmbeddedWebApplicationContext - Refreshing org.springframework.boot.context.embedded.AnnotationConfigEmbeddedWebApplicationContext@f4a3a8d: startup date [Fri Mar 08 07:43:31 IST 2019]; root of context hierarchy
[INFO ] 2019-03-08T02:13:35,838 [background-preinit] Version - HV000001: Hibernate Validator 5.3.5.Final
[INFO ] 2019-03-08T02:13:37,086 [main] PostProcessorRegistrationDelegate$BeanPostProcessorChecker - Bean 'org.springframework.amqp.rabbit.annotation.RabbitBootstrapConfiguration' of type [org.springframework.amqp.rabbit.annotation.RabbitBootstrapConfiguration$$EnhancerBySpringCGLIB$$e4c87ccd] is not eligible for getting processed by all BeanPostProcessors (for example: not eligible for auto-proxying)
[INFO ] 2019-03-08T02:13:41,671 [main] TomcatEmbeddedServletContainer - Tomcat initialized with port(s): 50007 (http)
[INFO ] 2019-03-08T02:13:41,729 [main] StandardService - Starting service [Tomcat]
[INFO ] 2019-03-08T02:13:41,734 [main] StandardEngine - Starting Servlet Engine: Apache Tomcat/8.5.20
[INFO ] 2019-03-08T02:13:42,293 [localhost-startStop-1] [/] - Initializing Spring embedded WebApplicationContext
[INFO ] 2019-03-08T02:13:42,294 [localhost-startStop-1] ContextLoader - Root WebApplicationContext: initialization completed in 10543 ms
[INFO ] 2019-03-08T02:13:42,680 [localhost-startStop-1] ServletRegistrationBean - Mapping servlet: 'dispatcherServlet' to [/]
[INFO ] 2019-03-08T02:13:42,697 [localhost-startStop-1] FilterRegistrationBean - Mapping filter: 'characterEncodingFilter' to: [/*]
[INFO ] 2019-03-08T02:13:42,699 [localhost-startStop-1] FilterRegistrationBean - Mapping filter: 'hiddenHttpMethodFilter' to: [/*]
[INFO ] 2019-03-08T02:13:42,699 [localhost-startStop-1] FilterRegistrationBean - Mapping filter: 'httpPutFormContentFilter' to: [/*]
[INFO ] 2019-03-08T02:13:42,701 [localhost-startStop-1] FilterRegistrationBean - Mapping filter: 'requestContextFilter' to: [/*]
[INFO ] 2019-03-08T02:14:01,360 [http-nio-50005-exec-1] [/] - Initializing Spring FrameworkServlet 'dispatcherServlet'
[INFO ] 2019-03-08T02:14:01,361 [http-nio-50005-exec-1] DispatcherServlet - FrameworkServlet 'dispatcherServlet': initialization started
[INFO ] 2019-03-08T02:14:02,548 [http-nio-50005-exec-1] DispatcherServlet - FrameworkServlet 'dispatcherServlet': initialization completed in 1186 ms
[INFO ] 2019-03-08T02:14:03,955 [main] RPCClient - Startup took 18993 msec
[INFO ] 2019-03-08T02:14:08,421 [main] RequestMappingHandlerAdapter - Looking for @ControllerAdvice: org.springframework.boot.context.embedded.AnnotationConfigEmbeddedWebApplicationContext@f4a3a8d: startup date [Fri Mar 08 07:43:31 IST 2019]; root of context hierarchy
[INFO ] 2019-03-08T02:14:08,732 [main] RequestMappingHandlerMapping - Mapped "{[/api/trading/getTrade],methods=[GET],produces=[application/json]}" onto public final org.springframework.http.ResponseEntity<java.util.List<net.corda.core.contracts.StateAndRef<com.example.state.TradeState>>> com.example.server.MainController.getTransactionDetails(java.lang.String)
[INFO ] 2019-03-08T02:14:08,735 [main] RequestMappingHandlerMapping - Mapped "{[/api/trading/create-trade],methods=[POST],consumes=[application/x-www-form-urlencoded],produces=[text/plain]}" onto public final org.springframework.http.ResponseEntity<java.lang.String> com.example.server.MainController.createIOU(javax.servlet.http.HttpServletRequest)
[INFO ] 2019-03-08T02:14:08,736 [main] RequestMappingHandlerMapping - Mapped "{[/api/trading/peers],methods=[GET],produces=[application/json]}" onto public final java.util.Map<java.lang.String, java.util.List<net.corda.core.identity.CordaX500Name>> com.example.server.MainController.getPeers()
[INFO ] 2019-03-08T02:14:08,738 [main] RequestMappingHandlerMapping - Mapped "{[/api/trading/trades],methods=[GET],produces=[application/json]}" onto public final org.springframework.http.ResponseEntity<java.util.List<net.corda.core.contracts.StateAndRef<com.example.state.TradeState>>> com.example.server.MainController.getTrades()
[INFO ] 2019-03-08T02:14:08,739 [main] RequestMappingHandlerMapping - Mapped "{[/api/trading/me],methods=[GET],produces=[application/json]}" onto public final java.util.Map<java.lang.String, net.corda.core.identity.CordaX500Name> com.example.server.MainController.whoami()
[INFO ] 2019-03-08T02:14:08,744 [main] RequestMappingHandlerMapping - Mapped "{[/error]}" onto public org.springframework.http.ResponseEntity<java.util.Map<java.lang.String, java.lang.Object>> org.springframework.boot.autoconfigure.web.BasicErrorController.error(javax.servlet.http.HttpServletRequest)
[INFO ] 2019-03-08T02:14:08,745 [main] RequestMappingHandlerMapping - Mapped "{[/error],produces=[text/html]}" onto public org.springframework.web.servlet.ModelAndView org.springframework.boot.autoconfigure.web.BasicErrorController.errorHtml(javax.servlet.http.HttpServletRequest,javax.servlet.http.HttpServletResponse)
[INFO ] 2019-03-08T02:14:08,910 [main] SimpleUrlHandlerMapping - Mapped URL path [/webjars/**] onto handler of type [class org.springframework.web.servlet.resource.ResourceHttpRequestHandler]
[INFO ] 2019-03-08T02:14:08,911 [main] SimpleUrlHandlerMapping - Mapped URL path [/**] onto handler of type [class org.springframework.web.servlet.resource.ResourceHttpRequestHandler]
[INFO ] 2019-03-08T02:14:09,035 [main] SimpleUrlHandlerMapping - Mapped URL path [/**/favicon.ico] onto handler of type [class org.springframework.web.servlet.resource.ResourceHttpRequestHandler]
[INFO ] 2019-03-08T02:14:09,146 [main] WebMvcAutoConfiguration$WelcomePageHandlerMapping - Adding welcome page: class path resource [public/index.html]
[INFO ] 2019-03-08T02:14:10,126 [main] AnnotationMBeanExporter - Registering beans for JMX exposure on startup
[INFO ] 2019-03-08T02:14:10,150 [main] DefaultLifecycleProcessor - Starting beans in phase 2147483647
[INFO ] 2019-03-08T02:14:10,200 [main] Http11NioProtocol - Initializing ProtocolHandler ["http-nio-50007"]
[INFO ] 2019-03-08T02:14:10,238 [main] Http11NioProtocol - Starting ProtocolHandler ["http-nio-50007"]
[INFO ] 2019-03-08T02:14:10,245 [main] NioSelectorPool - Using a shared selector for servlet write/read
[INFO ] 2019-03-08T02:14:10,566 [main] TomcatEmbeddedServletContainer - Tomcat started on port(s): 50007 (http)
[INFO ] 2019-03-08T02:14:10,580 [main] ServerKt - Started ServerKt in 45.557 seconds (JVM running for 55.713)
[ERROR] 2019-03-08T02:14:30,479 [http-nio-50005-exec-1] [localhost] - Exception Processing ErrorPage[errorCode=0, location=/error]
org.apache.catalina.connector.ClientAbortException: java.io.IOException: An existing connection was forcibly closed by the remote host
	at org.apache.catalina.connector.OutputBuffer.doFlush(OutputBuffer.java:321) ~[tomcat-embed-core-8.5.20.jar:8.5.20]
	at org.apache.catalina.connector.OutputBuffer.flush(OutputBuffer.java:284) ~[tomcat-embed-core-8.5.20.jar:8.5.20]
	at org.apache.catalina.connector.CoyoteOutputStream.flush(CoyoteOutputStream.java:118) ~[tomcat-embed-core-8.5.20.jar:8.5.20]
	at com.fasterxml.jackson.core.json.UTF8JsonGenerator.flush(UTF8JsonGenerator.java:1100) ~[jackson-core-2.9.5.jar:2.9.5]
	at com.fasterxml.jackson.databind.ObjectMapper.writeValue(ObjectMapper.java:2645) ~[jackson-databind-2.9.5.jar:2.9.5]
	at com.fasterxml.jackson.core.base.GeneratorBase.writeObject(GeneratorBase.java:381) ~[jackson-core-2.9.5.jar:2.9.5]
	at net.corda.client.jackson.JacksonSupport$DateSerializer.serialize(JacksonSupport.kt:204) ~[corda-jackson-4.0-RC05.jar:?]
	at net.corda.client.jackson.JacksonSupport$DateSerializer.serialize(JacksonSupport.kt:202) ~[corda-jackson-4.0-RC05.jar:?]
	at com.fasterxml.jackson.databind.ser.std.MapSerializer.serializeFields(MapSerializer.java:718) ~[jackson-databind-2.9.5.jar:2.9.5]
	at com.fasterxml.jackson.databind.ser.std.MapSerializer.serialize(MapSerializer.java:639) ~[jackson-databind-2.9.5.jar:2.9.5]
	at com.fasterxml.jackson.databind.ser.std.MapSerializer.serialize(MapSerializer.java:33) ~[jackson-databind-2.9.5.jar:2.9.5]
	at com.fasterxml.jackson.databind.ser.DefaultSerializerProvider._serialize(DefaultSerializerProvider.java:480) ~[jackson-databind-2.9.5.jar:2.9.5]
	at com.fasterxml.jackson.databind.ser.DefaultSerializerProvider.serializeValue(DefaultSerializerProvider.java:400) ~[jackson-databind-2.9.5.jar:2.9.5]
	at com.fasterxml.jackson.databind.ObjectWriter$Prefetch.serialize(ObjectWriter.java:1392) ~[jackson-databind-2.9.5.jar:2.9.5]
	at com.fasterxml.jackson.databind.ObjectWriter.writeValue(ObjectWriter.java:913) ~[jackson-databind-2.9.5.jar:2.9.5]
	at org.springframework.http.converter.json.AbstractJackson2HttpMessageConverter.writeInternal(AbstractJackson2HttpMessageConverter.java:286) ~[spring-web-4.3.11.RELEASE.jar:4.3.11.RELEASE]
	at org.springframework.http.converter.AbstractGenericHttpMessageConverter.write(AbstractGenericHttpMessageConverter.java:106) ~[spring-web-4.3.11.RELEASE.jar:4.3.11.RELEASE]
	at org.springframework.web.servlet.mvc.method.annotation.AbstractMessageConverterMethodProcessor.writeWithMessageConverters(AbstractMessageConverterMethodProcessor.java:231) ~[spring-webmvc-4.3.11.RELEASE.jar:4.3.11.RELEASE]
	at org.springframework.web.servlet.mvc.method.annotation.HttpEntityMethodProcessor.handleReturnValue(HttpEntityMethodProcessor.java:203) ~[spring-webmvc-4.3.11.RELEASE.jar:4.3.11.RELEASE]
	at org.springframework.web.method.support.HandlerMethodReturnValueHandlerComposite.handleReturnValue(HandlerMethodReturnValueHandlerComposite.java:81) ~[spring-web-4.3.11.RELEASE.jar:4.3.11.RELEASE]
	at org.springframework.web.servlet.mvc.method.annotation.ServletInvocableHandlerMethod.invokeAndHandle(ServletInvocableHandlerMethod.java:113) ~[spring-webmvc-4.3.11.RELEASE.jar:4.3.11.RELEASE]
	at org.springframework.web.servlet.mvc.method.annotation.RequestMappingHandlerAdapter.invokeHandlerMethod(RequestMappingHandlerAdapter.java:827) ~[spring-webmvc-4.3.11.RELEASE.jar:4.3.11.RELEASE]
	at org.springframework.web.servlet.mvc.method.annotation.RequestMappingHandlerAdapter.handleInternal(RequestMappingHandlerAdapter.java:738) ~[spring-webmvc-4.3.11.RELEASE.jar:4.3.11.RELEASE]
	at org.springframework.web.servlet.mvc.method.AbstractHandlerMethodAdapter.handle(AbstractHandlerMethodAdapter.java:85) ~[spring-webmvc-4.3.11.RELEASE.jar:4.3.11.RELEASE]
	at org.springframework.web.servlet.DispatcherServlet.doDispatch(DispatcherServlet.java:967) ~[spring-webmvc-4.3.11.RELEASE.jar:4.3.11.RELEASE]
	at org.springframework.web.servlet.DispatcherServlet.doService(DispatcherServlet.java:901) ~[spring-webmvc-4.3.11.RELEASE.jar:4.3.11.RELEASE]
	at org.springframework.web.servlet.FrameworkServlet.processRequest(FrameworkServlet.java:970) ~[spring-webmvc-4.3.11.RELEASE.jar:4.3.11.RELEASE]
	at org.springframework.web.servlet.FrameworkServlet.doGet(FrameworkServlet.java:861) ~[spring-webmvc-4.3.11.RELEASE.jar:4.3.11.RELEASE]
	at javax.servlet.http.HttpServlet.service(HttpServlet.java:635) ~[tomcat-embed-core-8.5.20.jar:8.5.20]
	at org.springframework.web.servlet.FrameworkServlet.service(FrameworkServlet.java:846) ~[spring-webmvc-4.3.11.RELEASE.jar:4.3.11.RELEASE]
	at javax.servlet.http.HttpServlet.service(HttpServlet.java:742) ~[tomcat-embed-core-8.5.20.jar:8.5.20]
	at org.apache.catalina.core.ApplicationFilterChain.internalDoFilter(ApplicationFilterChain.java:231) ~[tomcat-embed-core-8.5.20.jar:8.5.20]
	at org.apache.catalina.core.ApplicationFilterChain.doFilter(ApplicationFilterChain.java:166) ~[tomcat-embed-core-8.5.20.jar:8.5.20]
	at org.apache.catalina.core.ApplicationDispatcher.invoke(ApplicationDispatcher.java:728) ~[tomcat-embed-core-8.5.20.jar:8.5.20]
	at org.apache.catalina.core.ApplicationDispatcher.processRequest(ApplicationDispatcher.java:469) ~[tomcat-embed-core-8.5.20.jar:8.5.20]
	at org.apache.catalina.core.ApplicationDispatcher.doForward(ApplicationDispatcher.java:392) ~[tomcat-embed-core-8.5.20.jar:8.5.20]
	at org.apache.catalina.core.ApplicationDispatcher.forward(ApplicationDispatcher.java:311) ~[tomcat-embed-core-8.5.20.jar:8.5.20]
	at org.apache.catalina.core.StandardHostValve.custom(StandardHostValve.java:395) [tomcat-embed-core-8.5.20.jar:8.5.20]
	at org.apache.catalina.core.StandardHostValve.status(StandardHostValve.java:254) [tomcat-embed-core-8.5.20.jar:8.5.20]
	at org.apache.catalina.core.StandardHostValve.invoke(StandardHostValve.java:177) [tomcat-embed-core-8.5.20.jar:8.5.20]
	at org.apache.catalina.valves.ErrorReportValve.invoke(ErrorReportValve.java:80) [tomcat-embed-core-8.5.20.jar:8.5.20]
	at org.apache.catalina.core.StandardEngineValve.invoke(StandardEngineValve.java:87) [tomcat-embed-core-8.5.20.jar:8.5.20]
	at org.apache.catalina.connector.CoyoteAdapter.service(CoyoteAdapter.java:342) [tomcat-embed-core-8.5.20.jar:8.5.20]
	at org.apache.coyote.http11.Http11Processor.service(Http11Processor.java:799) [tomcat-embed-core-8.5.20.jar:8.5.20]
	at org.apache.coyote.AbstractProcessorLight.process(AbstractProcessorLight.java:66) [tomcat-embed-core-8.5.20.jar:8.5.20]
	at org.apache.coyote.AbstractProtocol$ConnectionHandler.process(AbstractProtocol.java:868) [tomcat-embed-core-8.5.20.jar:8.5.20]
	at org.apache.tomcat.util.net.NioEndpoint$SocketProcessor.doRun(NioEndpoint.java:1457) [tomcat-embed-core-8.5.20.jar:8.5.20]
	at org.apache.tomcat.util.net.SocketProcessorBase.run(SocketProcessorBase.java:49) [tomcat-embed-core-8.5.20.jar:8.5.20]
	at java.util.concurrent.ThreadPoolExecutor.runWorker(ThreadPoolExecutor.java:1149) [?:1.8.0_181]
	at java.util.concurrent.ThreadPoolExecutor$Worker.run(ThreadPoolExecutor.java:624) [?:1.8.0_181]
	at org.apache.tomcat.util.threads.TaskThread$WrappingRunnable.run(TaskThread.java:61) [tomcat-embed-core-8.5.20.jar:8.5.20]
	at java.lang.Thread.run(Thread.java:748) [?:1.8.0_181]
Caused by: java.io.IOException: An existing connection was forcibly closed by the remote host
	at sun.nio.ch.SocketDispatcher.write0(Native Method) ~[?:1.8.0_181]
	at sun.nio.ch.SocketDispatcher.write(SocketDispatcher.java:51) ~[?:1.8.0_181]
	at sun.nio.ch.IOUtil.writeFromNativeBuffer(IOUtil.java:93) ~[?:1.8.0_181]
	at sun.nio.ch.IOUtil.write(IOUtil.java:65) ~[?:1.8.0_181]
	at sun.nio.ch.SocketChannelImpl.write(SocketChannelImpl.java:471) ~[?:1.8.0_181]
	at org.apache.tomcat.util.net.NioChannel.write(NioChannel.java:134) ~[tomcat-embed-core-8.5.20.jar:8.5.20]
	at org.apache.tomcat.util.net.NioBlockingSelector.write(NioBlockingSelector.java:101) ~[tomcat-embed-core-8.5.20.jar:8.5.20]
	at org.apache.tomcat.util.net.NioSelectorPool.write(NioSelectorPool.java:157) ~[tomcat-embed-core-8.5.20.jar:8.5.20]
	at org.apache.tomcat.util.net.NioEndpoint$NioSocketWrapper.doWrite(NioEndpoint.java:1261) ~[tomcat-embed-core-8.5.20.jar:8.5.20]
	at org.apache.tomcat.util.net.SocketWrapperBase.doWrite(SocketWrapperBase.java:670) ~[tomcat-embed-core-8.5.20.jar:8.5.20]
	at org.apache.tomcat.util.net.SocketWrapperBase.flushBlocking(SocketWrapperBase.java:607) ~[tomcat-embed-core-8.5.20.jar:8.5.20]
	at org.apache.tomcat.util.net.SocketWrapperBase.flush(SocketWrapperBase.java:597) ~[tomcat-embed-core-8.5.20.jar:8.5.20]
	at org.apache.coyote.http11.Http11OutputBuffer.flushBuffer(Http11OutputBuffer.java:581) ~[tomcat-embed-core-8.5.20.jar:8.5.20]
	at org.apache.coyote.http11.Http11OutputBuffer.flush(Http11OutputBuffer.java:272) ~[tomcat-embed-core-8.5.20.jar:8.5.20]
	at org.apache.coyote.http11.Http11Processor.flush(Http11Processor.java:1510) ~[tomcat-embed-core-8.5.20.jar:8.5.20]
	at org.apache.coyote.AbstractProcessor.action(AbstractProcessor.java:283) ~[tomcat-embed-core-8.5.20.jar:8.5.20]
	at org.apache.coyote.Response.action(Response.java:173) ~[tomcat-embed-core-8.5.20.jar:8.5.20]
	at org.apache.catalina.connector.OutputBuffer.doFlush(OutputBuffer.java:317) ~[tomcat-embed-core-8.5.20.jar:8.5.20]
	... 51 more
[INFO ] 2019-03-08T02:14:51,054 [http-nio-50007-exec-1] [/] - Initializing Spring FrameworkServlet 'dispatcherServlet'
[INFO ] 2019-03-08T02:14:51,056 [http-nio-50007-exec-1] DispatcherServlet - FrameworkServlet 'dispatcherServlet': initialization started
[INFO ] 2019-03-08T02:14:51,173 [http-nio-50007-exec-1] DispatcherServlet - FrameworkServlet 'dispatcherServlet': initialization completed in 117 ms
[INFO ] 2019-03-08T02:17:58,455 [http-nio-50005-exec-1] AnnotationConfigApplicationContext - Refreshing org.springframework.context.annotation.AnnotationConfigApplicationContext@2e7fde6c: startup date [Fri Mar 08 07:47:58 IST 2019]; root of context hierarchy
[INFO ] 2019-03-08T02:18:06,121 [http-nio-50005-exec-1] CachingConnectionFactory - Created new connection: SimpleConnection@27c73b83 [delegate=amqp://guest@127.0.0.1:5672/]
[INFO ] 2019-03-08T02:20:05,960 [main] ServerKt - Starting ServerKt on LAPTOP-M661KEM1 with PID 16060 (C:\Personal\samples\cordapp-example\clients\build\classes\kotlin\main started by ideapad in C:\Personal\samples\cordapp-example\clients)
[INFO ] 2019-03-08T02:20:05,974 [main] ServerKt - No active profile set, falling back to default profiles: default
[INFO ] 2019-03-08T02:20:06,222 [main] AnnotationConfigEmbeddedWebApplicationContext - Refreshing org.springframework.boot.context.embedded.AnnotationConfigEmbeddedWebApplicationContext@f4a3a8d: startup date [Fri Mar 08 07:50:06 IST 2019]; root of context hierarchy
[INFO ] 2019-03-08T02:20:08,088 [background-preinit] Version - HV000001: Hibernate Validator 5.3.5.Final
[INFO ] 2019-03-08T02:20:09,405 [main] PostProcessorRegistrationDelegate$BeanPostProcessorChecker - Bean 'org.springframework.amqp.rabbit.annotation.RabbitBootstrapConfiguration' of type [org.springframework.amqp.rabbit.annotation.RabbitBootstrapConfiguration$$EnhancerBySpringCGLIB$$ffd70607] is not eligible for getting processed by all BeanPostProcessors (for example: not eligible for auto-proxying)
[INFO ] 2019-03-08T02:20:15,903 [main] TomcatEmbeddedServletContainer - Tomcat initialized with port(s): 50006 (http)
[INFO ] 2019-03-08T02:20:15,986 [main] StandardService - Starting service [Tomcat]
[INFO ] 2019-03-08T02:20:15,988 [main] StandardEngine - Starting Servlet Engine: Apache Tomcat/8.5.20
[INFO ] 2019-03-08T02:20:16,649 [localhost-startStop-1] [/] - Initializing Spring embedded WebApplicationContext
[INFO ] 2019-03-08T02:20:16,650 [localhost-startStop-1] ContextLoader - Root WebApplicationContext: initialization completed in 10433 ms
[INFO ] 2019-03-08T02:20:17,033 [localhost-startStop-1] ServletRegistrationBean - Mapping servlet: 'dispatcherServlet' to [/]
[INFO ] 2019-03-08T02:20:17,042 [localhost-startStop-1] FilterRegistrationBean - Mapping filter: 'characterEncodingFilter' to: [/*]
[INFO ] 2019-03-08T02:20:17,044 [localhost-startStop-1] FilterRegistrationBean - Mapping filter: 'hiddenHttpMethodFilter' to: [/*]
[INFO ] 2019-03-08T02:20:17,044 [localhost-startStop-1] FilterRegistrationBean - Mapping filter: 'httpPutFormContentFilter' to: [/*]
[INFO ] 2019-03-08T02:20:17,044 [localhost-startStop-1] FilterRegistrationBean - Mapping filter: 'requestContextFilter' to: [/*]
[INFO ] 2019-03-08T02:20:28,942 [main] RPCClient - Startup took 10007 msec
[INFO ] 2019-03-08T02:20:30,928 [main] RequestMappingHandlerAdapter - Looking for @ControllerAdvice: org.springframework.boot.context.embedded.AnnotationConfigEmbeddedWebApplicationContext@f4a3a8d: startup date [Fri Mar 08 07:50:06 IST 2019]; root of context hierarchy
[INFO ] 2019-03-08T02:20:31,099 [main] RequestMappingHandlerMapping - Mapped "{[/api/trading/getTrade],methods=[GET],produces=[application/json]}" onto public final org.springframework.http.ResponseEntity<java.util.List<net.corda.core.contracts.StateAndRef<com.example.state.TradeState>>> com.example.server.MainController.getTransactionDetails(java.lang.String)
[INFO ] 2019-03-08T02:20:31,100 [main] RequestMappingHandlerMapping - Mapped "{[/api/trading/trades],methods=[GET],produces=[application/json]}" onto public final org.springframework.http.ResponseEntity<java.util.List<net.corda.core.contracts.StateAndRef<com.example.state.TradeState>>> com.example.server.MainController.getTrades()
[INFO ] 2019-03-08T02:20:31,101 [main] RequestMappingHandlerMapping - Mapped "{[/api/trading/me],methods=[GET],produces=[application/json]}" onto public final java.util.Map<java.lang.String, net.corda.core.identity.CordaX500Name> com.example.server.MainController.whoami()
[INFO ] 2019-03-08T02:20:31,102 [main] RequestMappingHandlerMapping - Mapped "{[/api/trading/create-trade],methods=[POST],consumes=[application/x-www-form-urlencoded],produces=[text/plain]}" onto public final org.springframework.http.ResponseEntity<java.lang.String> com.example.server.MainController.createIOU(javax.servlet.http.HttpServletRequest)
[INFO ] 2019-03-08T02:20:31,103 [main] RequestMappingHandlerMapping - Mapped "{[/api/trading/peers],methods=[GET],produces=[application/json]}" onto public final java.util.Map<java.lang.String, java.util.List<net.corda.core.identity.CordaX500Name>> com.example.server.MainController.getPeers()
[INFO ] 2019-03-08T02:20:31,106 [main] RequestMappingHandlerMapping - Mapped "{[/error]}" onto public org.springframework.http.ResponseEntity<java.util.Map<java.lang.String, java.lang.Object>> org.springframework.boot.autoconfigure.web.BasicErrorController.error(javax.servlet.http.HttpServletRequest)
[INFO ] 2019-03-08T02:20:31,107 [main] RequestMappingHandlerMapping - Mapped "{[/error],produces=[text/html]}" onto public org.springframework.web.servlet.ModelAndView org.springframework.boot.autoconfigure.web.BasicErrorController.errorHtml(javax.servlet.http.HttpServletRequest,javax.servlet.http.HttpServletResponse)
[INFO ] 2019-03-08T02:20:31,153 [main] SimpleUrlHandlerMapping - Mapped URL path [/webjars/**] onto handler of type [class org.springframework.web.servlet.resource.ResourceHttpRequestHandler]
[INFO ] 2019-03-08T02:20:31,153 [main] SimpleUrlHandlerMapping - Mapped URL path [/**] onto handler of type [class org.springframework.web.servlet.resource.ResourceHttpRequestHandler]
[INFO ] 2019-03-08T02:20:31,238 [main] SimpleUrlHandlerMapping - Mapped URL path [/**/favicon.ico] onto handler of type [class org.springframework.web.servlet.resource.ResourceHttpRequestHandler]
[INFO ] 2019-03-08T02:20:31,286 [main] WebMvcAutoConfiguration$WelcomePageHandlerMapping - Adding welcome page: class path resource [public/index.html]
[INFO ] 2019-03-08T02:20:31,887 [main] AnnotationMBeanExporter - Registering beans for JMX exposure on startup
[INFO ] 2019-03-08T02:20:31,901 [main] DefaultLifecycleProcessor - Starting beans in phase 2147483647
[INFO ] 2019-03-08T02:20:31,929 [main] Http11NioProtocol - Initializing ProtocolHandler ["http-nio-50006"]
[INFO ] 2019-03-08T02:20:31,960 [main] Http11NioProtocol - Starting ProtocolHandler ["http-nio-50006"]
[INFO ] 2019-03-08T02:20:31,963 [main] NioSelectorPool - Using a shared selector for servlet write/read
[INFO ] 2019-03-08T02:20:32,031 [main] TomcatEmbeddedServletContainer - Tomcat started on port(s): 50006 (http)
[INFO ] 2019-03-08T02:20:32,067 [main] ServerKt - Started ServerKt in 29.792 seconds (JVM running for 37.227)
[INFO ] 2019-03-08T02:20:54,518 [http-nio-50006-exec-1] [/] - Initializing Spring FrameworkServlet 'dispatcherServlet'
[INFO ] 2019-03-08T02:20:54,519 [http-nio-50006-exec-1] DispatcherServlet - FrameworkServlet 'dispatcherServlet': initialization started
[INFO ] 2019-03-08T02:20:54,563 [http-nio-50006-exec-1] DispatcherServlet - FrameworkServlet 'dispatcherServlet': initialization completed in 44 ms
[INFO ] 2019-03-08T02:22:39,785 [http-nio-50005-exec-8] AnnotationConfigApplicationContext - Refreshing org.springframework.context.annotation.AnnotationConfigApplicationContext@1f411f19: startup date [Fri Mar 08 07:52:39 IST 2019]; root of context hierarchy
[INFO ] 2019-03-08T02:22:43,233 [http-nio-50005-exec-8] CachingConnectionFactory - Created new connection: SimpleConnection@6d00cfc8 [delegate=amqp://guest@127.0.0.1:5672/]
[INFO ] 2019-03-08T02:24:18,173 [http-nio-50005-exec-12] AnnotationConfigApplicationContext - Refreshing org.springframework.context.annotation.AnnotationConfigApplicationContext@21ef2933: startup date [Fri Mar 08 07:54:18 IST 2019]; root of context hierarchy
[INFO ] 2019-03-08T02:24:18,927 [http-nio-50005-exec-12] CachingConnectionFactory - Created new connection: SimpleConnection@5634a8f2 [delegate=amqp://guest@127.0.0.1:5672/]
[INFO ] 2019-03-08T08:03:04,306 [main] ServerKt - Starting ServerKt on LAPTOP-M661KEM1 with PID 1864 (C:\Personal\samples\cordapp-example\clients\build\classes\kotlin\main started by ideapad in C:\Personal\samples\cordapp-example\clients)
[INFO ] 2019-03-08T08:03:04,330 [main] ServerKt - No active profile set, falling back to default profiles: default
[INFO ] 2019-03-08T08:03:04,512 [main] AnnotationConfigEmbeddedWebApplicationContext - Refreshing org.springframework.boot.context.embedded.AnnotationConfigEmbeddedWebApplicationContext@f4a3a8d: startup date [Fri Mar 08 13:33:04 IST 2019]; root of context hierarchy
[INFO ] 2019-03-08T08:03:06,064 [background-preinit] Version - HV000001: Hibernate Validator 5.3.5.Final
[INFO ] 2019-03-08T08:03:06,738 [main] PostProcessorRegistrationDelegate$BeanPostProcessorChecker - Bean 'org.springframework.amqp.rabbit.annotation.RabbitBootstrapConfiguration' of type [org.springframework.amqp.rabbit.annotation.RabbitBootstrapConfiguration$$EnhancerBySpringCGLIB$$a1d23a33] is not eligible for getting processed by all BeanPostProcessors (for example: not eligible for auto-proxying)
[INFO ] 2019-03-08T08:03:07,929 [main] TomcatEmbeddedServletContainer - Tomcat initialized with port(s): 50005 (http)
[INFO ] 2019-03-08T08:03:07,976 [main] StandardService - Starting service [Tomcat]
[INFO ] 2019-03-08T08:03:07,976 [main] StandardEngine - Starting Servlet Engine: Apache Tomcat/8.5.20
[INFO ] 2019-03-08T08:03:08,275 [localhost-startStop-1] [/] - Initializing Spring embedded WebApplicationContext
[INFO ] 2019-03-08T08:03:08,275 [localhost-startStop-1] ContextLoader - Root WebApplicationContext: initialization completed in 3763 ms
[INFO ] 2019-03-08T08:03:08,431 [localhost-startStop-1] ServletRegistrationBean - Mapping servlet: 'dispatcherServlet' to [/]
[INFO ] 2019-03-08T08:03:08,431 [localhost-startStop-1] FilterRegistrationBean - Mapping filter: 'characterEncodingFilter' to: [/*]
[INFO ] 2019-03-08T08:03:08,431 [localhost-startStop-1] FilterRegistrationBean - Mapping filter: 'hiddenHttpMethodFilter' to: [/*]
[INFO ] 2019-03-08T08:03:08,431 [localhost-startStop-1] FilterRegistrationBean - Mapping filter: 'httpPutFormContentFilter' to: [/*]
[INFO ] 2019-03-08T08:03:08,431 [localhost-startStop-1] FilterRegistrationBean - Mapping filter: 'requestContextFilter' to: [/*]
[INFO ] 2019-03-08T08:03:13,684 [main] RPCClient - Startup took 4278 msec
[INFO ] 2019-03-08T08:03:14,720 [main] RequestMappingHandlerAdapter - Looking for @ControllerAdvice: org.springframework.boot.context.embedded.AnnotationConfigEmbeddedWebApplicationContext@f4a3a8d: startup date [Fri Mar 08 13:33:04 IST 2019]; root of context hierarchy
[INFO ] 2019-03-08T08:03:14,861 [main] RequestMappingHandlerMapping - Mapped "{[/api/trading/getTrade],methods=[GET],produces=[application/json]}" onto public final org.springframework.http.ResponseEntity<java.util.List<net.corda.core.contracts.StateAndRef<com.example.state.TradeState>>> com.example.server.MainController.getTransactionDetails(java.lang.String)
[INFO ] 2019-03-08T08:03:14,861 [main] RequestMappingHandlerMapping - Mapped "{[/api/trading/create-trade],methods=[POST],consumes=[application/x-www-form-urlencoded],produces=[text/plain]}" onto public final org.springframework.http.ResponseEntity<java.lang.String> com.example.server.MainController.createIOU(javax.servlet.http.HttpServletRequest)
[INFO ] 2019-03-08T08:03:14,861 [main] RequestMappingHandlerMapping - Mapped "{[/api/trading/peers],methods=[GET],produces=[application/json]}" onto public final java.util.Map<java.lang.String, java.util.List<net.corda.core.identity.CordaX500Name>> com.example.server.MainController.getPeers()
[INFO ] 2019-03-08T08:03:14,861 [main] RequestMappingHandlerMapping - Mapped "{[/api/trading/me],methods=[GET],produces=[application/json]}" onto public final java.util.Map<java.lang.String, net.corda.core.identity.CordaX500Name> com.example.server.MainController.whoami()
[INFO ] 2019-03-08T08:03:14,861 [main] RequestMappingHandlerMapping - Mapped "{[/api/trading/trades],methods=[GET],produces=[application/json]}" onto public final org.springframework.http.ResponseEntity<java.util.List<net.corda.core.contracts.StateAndRef<com.example.state.TradeState>>> com.example.server.MainController.getTrades()
[INFO ] 2019-03-08T08:03:14,861 [main] RequestMappingHandlerMapping - Mapped "{[/error]}" onto public org.springframework.http.ResponseEntity<java.util.Map<java.lang.String, java.lang.Object>> org.springframework.boot.autoconfigure.web.BasicErrorController.error(javax.servlet.http.HttpServletRequest)
[INFO ] 2019-03-08T08:03:14,861 [main] RequestMappingHandlerMapping - Mapped "{[/error],produces=[text/html]}" onto public org.springframework.web.servlet.ModelAndView org.springframework.boot.autoconfigure.web.BasicErrorController.errorHtml(javax.servlet.http.HttpServletRequest,javax.servlet.http.HttpServletResponse)
[INFO ] 2019-03-08T08:03:14,892 [main] SimpleUrlHandlerMapping - Mapped URL path [/webjars/**] onto handler of type [class org.springframework.web.servlet.resource.ResourceHttpRequestHandler]
[INFO ] 2019-03-08T08:03:14,892 [main] SimpleUrlHandlerMapping - Mapped URL path [/**] onto handler of type [class org.springframework.web.servlet.resource.ResourceHttpRequestHandler]
[INFO ] 2019-03-08T08:03:15,034 [main] SimpleUrlHandlerMapping - Mapped URL path [/**/favicon.ico] onto handler of type [class org.springframework.web.servlet.resource.ResourceHttpRequestHandler]
[INFO ] 2019-03-08T08:03:15,190 [main] WebMvcAutoConfiguration$WelcomePageHandlerMapping - Adding welcome page: class path resource [public/index.html]
[INFO ] 2019-03-08T08:03:15,725 [main] AnnotationMBeanExporter - Registering beans for JMX exposure on startup
[INFO ] 2019-03-08T08:03:15,725 [main] DefaultLifecycleProcessor - Starting beans in phase 2147483647
[INFO ] 2019-03-08T08:03:15,741 [main] Http11NioProtocol - Initializing ProtocolHandler ["http-nio-50005"]
[INFO ] 2019-03-08T08:03:15,788 [main] Http11NioProtocol - Starting ProtocolHandler ["http-nio-50005"]
[INFO ] 2019-03-08T08:03:15,788 [main] NioSelectorPool - Using a shared selector for servlet write/read
[INFO ] 2019-03-08T08:03:15,819 [main] TomcatEmbeddedServletContainer - Tomcat started on port(s): 50005 (http)
[INFO ] 2019-03-08T08:03:15,819 [main] ServerKt - Started ServerKt in 13.596 seconds (JVM running for 34.6)
[INFO ] 2019-03-08T08:04:02,245 [main] ServerKt - Starting ServerKt on LAPTOP-M661KEM1 with PID 2624 (C:\Personal\samples\cordapp-example\clients\build\classes\kotlin\main started by ideapad in C:\Personal\samples\cordapp-example\clients)
[INFO ] 2019-03-08T08:04:02,260 [main] ServerKt - No active profile set, falling back to default profiles: default
[INFO ] 2019-03-08T08:04:02,401 [main] AnnotationConfigEmbeddedWebApplicationContext - Refreshing org.springframework.boot.context.embedded.AnnotationConfigEmbeddedWebApplicationContext@f4a3a8d: startup date [Fri Mar 08 13:34:02 IST 2019]; root of context hierarchy
[INFO ] 2019-03-08T08:04:03,437 [background-preinit] Version - HV000001: Hibernate Validator 5.3.5.Final
[INFO ] 2019-03-08T08:04:04,187 [main] PostProcessorRegistrationDelegate$BeanPostProcessorChecker - Bean 'org.springframework.amqp.rabbit.annotation.RabbitBootstrapConfiguration' of type [org.springframework.amqp.rabbit.annotation.RabbitBootstrapConfiguration$$EnhancerBySpringCGLIB$$8bf83ce8] is not eligible for getting processed by all BeanPostProcessors (for example: not eligible for auto-proxying)
[INFO ] 2019-03-08T08:04:05,381 [main] TomcatEmbeddedServletContainer - Tomcat initialized with port(s): 50007 (http)
[INFO ] 2019-03-08T08:04:05,506 [main] StandardService - Starting service [Tomcat]
[INFO ] 2019-03-08T08:04:05,506 [main] StandardEngine - Starting Servlet Engine: Apache Tomcat/8.5.20
[INFO ] 2019-03-08T08:04:05,822 [localhost-startStop-1] [/] - Initializing Spring embedded WebApplicationContext
[INFO ] 2019-03-08T08:04:05,822 [localhost-startStop-1] ContextLoader - Root WebApplicationContext: initialization completed in 3421 ms
[INFO ] 2019-03-08T08:04:06,009 [localhost-startStop-1] ServletRegistrationBean - Mapping servlet: 'dispatcherServlet' to [/]
[INFO ] 2019-03-08T08:04:06,009 [localhost-startStop-1] FilterRegistrationBean - Mapping filter: 'characterEncodingFilter' to: [/*]
[INFO ] 2019-03-08T08:04:06,009 [localhost-startStop-1] FilterRegistrationBean - Mapping filter: 'hiddenHttpMethodFilter' to: [/*]
[INFO ] 2019-03-08T08:04:06,009 [localhost-startStop-1] FilterRegistrationBean - Mapping filter: 'httpPutFormContentFilter' to: [/*]
[INFO ] 2019-03-08T08:04:06,009 [localhost-startStop-1] FilterRegistrationBean - Mapping filter: 'requestContextFilter' to: [/*]
[INFO ] 2019-03-08T08:04:10,133 [main] RPCClient - Startup took 3467 msec
[INFO ] 2019-03-08T08:04:10,993 [main] RequestMappingHandlerAdapter - Looking for @ControllerAdvice: org.springframework.boot.context.embedded.AnnotationConfigEmbeddedWebApplicationContext@f4a3a8d: startup date [Fri Mar 08 13:34:02 IST 2019]; root of context hierarchy
[INFO ] 2019-03-08T08:04:11,123 [main] RequestMappingHandlerMapping - Mapped "{[/api/trading/peers],methods=[GET],produces=[application/json]}" onto public final java.util.Map<java.lang.String, java.util.List<net.corda.core.identity.CordaX500Name>> com.example.server.MainController.getPeers()
[INFO ] 2019-03-08T08:04:11,125 [main] RequestMappingHandlerMapping - Mapped "{[/api/trading/trades],methods=[GET],produces=[application/json]}" onto public final org.springframework.http.ResponseEntity<java.util.List<net.corda.core.contracts.StateAndRef<com.example.state.TradeState>>> com.example.server.MainController.getTrades()
[INFO ] 2019-03-08T08:04:11,125 [main] RequestMappingHandlerMapping - Mapped "{[/api/trading/me],methods=[GET],produces=[application/json]}" onto public final java.util.Map<java.lang.String, net.corda.core.identity.CordaX500Name> com.example.server.MainController.whoami()
[INFO ] 2019-03-08T08:04:11,126 [main] RequestMappingHandlerMapping - Mapped "{[/api/trading/create-trade],methods=[POST],consumes=[application/x-www-form-urlencoded],produces=[text/plain]}" onto public final org.springframework.http.ResponseEntity<java.lang.String> com.example.server.MainController.createIOU(javax.servlet.http.HttpServletRequest)
[INFO ] 2019-03-08T08:04:11,126 [main] RequestMappingHandlerMapping - Mapped "{[/api/trading/getTrade],methods=[GET],produces=[application/json]}" onto public final org.springframework.http.ResponseEntity<java.util.List<net.corda.core.contracts.StateAndRef<com.example.state.TradeState>>> com.example.server.MainController.getTransactionDetails(java.lang.String)
[INFO ] 2019-03-08T08:04:11,127 [main] RequestMappingHandlerMapping - Mapped "{[/error]}" onto public org.springframework.http.ResponseEntity<java.util.Map<java.lang.String, java.lang.Object>> org.springframework.boot.autoconfigure.web.BasicErrorController.error(javax.servlet.http.HttpServletRequest)
[INFO ] 2019-03-08T08:04:11,128 [main] RequestMappingHandlerMapping - Mapped "{[/error],produces=[text/html]}" onto public org.springframework.web.servlet.ModelAndView org.springframework.boot.autoconfigure.web.BasicErrorController.errorHtml(javax.servlet.http.HttpServletRequest,javax.servlet.http.HttpServletResponse)
[INFO ] 2019-03-08T08:04:11,152 [main] SimpleUrlHandlerMapping - Mapped URL path [/webjars/**] onto handler of type [class org.springframework.web.servlet.resource.ResourceHttpRequestHandler]
[INFO ] 2019-03-08T08:04:11,152 [main] SimpleUrlHandlerMapping - Mapped URL path [/**] onto handler of type [class org.springframework.web.servlet.resource.ResourceHttpRequestHandler]
[INFO ] 2019-03-08T08:04:11,183 [main] SimpleUrlHandlerMapping - Mapped URL path [/**/favicon.ico] onto handler of type [class org.springframework.web.servlet.resource.ResourceHttpRequestHandler]
[INFO ] 2019-03-08T08:04:11,214 [main] WebMvcAutoConfiguration$WelcomePageHandlerMapping - Adding welcome page: class path resource [public/index.html]
[INFO ] 2019-03-08T08:04:11,511 [main] AnnotationMBeanExporter - Registering beans for JMX exposure on startup
[INFO ] 2019-03-08T08:04:11,511 [main] DefaultLifecycleProcessor - Starting beans in phase 2147483647
[INFO ] 2019-03-08T08:04:11,527 [main] Http11NioProtocol - Initializing ProtocolHandler ["http-nio-50007"]
[INFO ] 2019-03-08T08:04:11,542 [main] Http11NioProtocol - Starting ProtocolHandler ["http-nio-50007"]
[INFO ] 2019-03-08T08:04:11,558 [main] NioSelectorPool - Using a shared selector for servlet write/read
[INFO ] 2019-03-08T08:04:11,589 [main] TomcatEmbeddedServletContainer - Tomcat started on port(s): 50007 (http)
[INFO ] 2019-03-08T08:04:11,589 [main] ServerKt - Started ServerKt in 11.365 seconds (JVM running for 13.217)
[INFO ] 2019-03-08T08:05:35,054 [main] ServerKt - Starting ServerKt on LAPTOP-M661KEM1 with PID 22068 (C:\Personal\samples\cordapp-example\clients\build\classes\kotlin\main started by ideapad in C:\Personal\samples\cordapp-example\clients)
[INFO ] 2019-03-08T08:05:35,070 [main] ServerKt - No active profile set, falling back to default profiles: default
[INFO ] 2019-03-08T08:05:35,351 [main] AnnotationConfigEmbeddedWebApplicationContext - Refreshing org.springframework.boot.context.embedded.AnnotationConfigEmbeddedWebApplicationContext@f4a3a8d: startup date [Fri Mar 08 13:35:35 IST 2019]; root of context hierarchy
[INFO ] 2019-03-08T08:05:36,623 [background-preinit] Version - HV000001: Hibernate Validator 5.3.5.Final
[INFO ] 2019-03-08T08:05:37,735 [main] PostProcessorRegistrationDelegate$BeanPostProcessorChecker - Bean 'org.springframework.amqp.rabbit.annotation.RabbitBootstrapConfiguration' of type [org.springframework.amqp.rabbit.annotation.RabbitBootstrapConfiguration$$EnhancerBySpringCGLIB$$5fbe0332] is not eligible for getting processed by all BeanPostProcessors (for example: not eligible for auto-proxying)
[INFO ] 2019-03-08T08:05:39,529 [main] TomcatEmbeddedServletContainer - Tomcat initialized with port(s): 50006 (http)
[INFO ] 2019-03-08T08:05:39,545 [main] StandardService - Starting service [Tomcat]
[INFO ] 2019-03-08T08:05:39,545 [main] StandardEngine - Starting Servlet Engine: Apache Tomcat/8.5.20
[INFO ] 2019-03-08T08:05:40,731 [localhost-startStop-1] [/] - Initializing Spring embedded WebApplicationContext
[INFO ] 2019-03-08T08:05:40,778 [localhost-startStop-1] ContextLoader - Root WebApplicationContext: initialization completed in 5427 ms
[INFO ] 2019-03-08T08:05:40,918 [localhost-startStop-1] ServletRegistrationBean - Mapping servlet: 'dispatcherServlet' to [/]
[INFO ] 2019-03-08T08:05:40,934 [localhost-startStop-1] FilterRegistrationBean - Mapping filter: 'characterEncodingFilter' to: [/*]
[INFO ] 2019-03-08T08:05:40,934 [localhost-startStop-1] FilterRegistrationBean - Mapping filter: 'hiddenHttpMethodFilter' to: [/*]
[INFO ] 2019-03-08T08:05:40,934 [localhost-startStop-1] FilterRegistrationBean - Mapping filter: 'httpPutFormContentFilter' to: [/*]
[INFO ] 2019-03-08T08:05:40,934 [localhost-startStop-1] FilterRegistrationBean - Mapping filter: 'requestContextFilter' to: [/*]
[INFO ] 2019-03-08T08:05:47,473 [main] RPCClient - Startup took 4903 msec
[INFO ] 2019-03-08T08:05:48,554 [main] RequestMappingHandlerAdapter - Looking for @ControllerAdvice: org.springframework.boot.context.embedded.AnnotationConfigEmbeddedWebApplicationContext@f4a3a8d: startup date [Fri Mar 08 13:35:35 IST 2019]; root of context hierarchy
[INFO ] 2019-03-08T08:05:48,680 [main] RequestMappingHandlerMapping - Mapped "{[/api/trading/me],methods=[GET],produces=[application/json]}" onto public final java.util.Map<java.lang.String, net.corda.core.identity.CordaX500Name> com.example.server.MainController.whoami()
[INFO ] 2019-03-08T08:05:48,680 [main] RequestMappingHandlerMapping - Mapped "{[/api/trading/peers],methods=[GET],produces=[application/json]}" onto public final java.util.Map<java.lang.String, java.util.List<net.corda.core.identity.CordaX500Name>> com.example.server.MainController.getPeers()
[INFO ] 2019-03-08T08:05:48,680 [main] RequestMappingHandlerMapping - Mapped "{[/api/trading/create-trade],methods=[POST],consumes=[application/x-www-form-urlencoded],produces=[text/plain]}" onto public final org.springframework.http.ResponseEntity<java.lang.String> com.example.server.MainController.createIOU(javax.servlet.http.HttpServletRequest)
[INFO ] 2019-03-08T08:05:48,680 [main] RequestMappingHandlerMapping - Mapped "{[/api/trading/trades],methods=[GET],produces=[application/json]}" onto public final org.springframework.http.ResponseEntity<java.util.List<net.corda.core.contracts.StateAndRef<com.example.state.TradeState>>> com.example.server.MainController.getTrades()
[INFO ] 2019-03-08T08:05:48,680 [main] RequestMappingHandlerMapping - Mapped "{[/api/trading/getTrade],methods=[GET],produces=[application/json]}" onto public final org.springframework.http.ResponseEntity<java.util.List<net.corda.core.contracts.StateAndRef<com.example.state.TradeState>>> com.example.server.MainController.getTransactionDetails(java.lang.String)
[INFO ] 2019-03-08T08:05:48,680 [main] RequestMappingHandlerMapping - Mapped "{[/error]}" onto public org.springframework.http.ResponseEntity<java.util.Map<java.lang.String, java.lang.Object>> org.springframework.boot.autoconfigure.web.BasicErrorController.error(javax.servlet.http.HttpServletRequest)
[INFO ] 2019-03-08T08:05:48,680 [main] RequestMappingHandlerMapping - Mapped "{[/error],produces=[text/html]}" onto public org.springframework.web.servlet.ModelAndView org.springframework.boot.autoconfigure.web.BasicErrorController.errorHtml(javax.servlet.http.HttpServletRequest,javax.servlet.http.HttpServletResponse)
[INFO ] 2019-03-08T08:05:48,711 [main] SimpleUrlHandlerMapping - Mapped URL path [/webjars/**] onto handler of type [class org.springframework.web.servlet.resource.ResourceHttpRequestHandler]
[INFO ] 2019-03-08T08:05:48,727 [main] SimpleUrlHandlerMapping - Mapped URL path [/**] onto handler of type [class org.springframework.web.servlet.resource.ResourceHttpRequestHandler]
[INFO ] 2019-03-08T08:05:48,774 [main] SimpleUrlHandlerMapping - Mapped URL path [/**/favicon.ico] onto handler of type [class org.springframework.web.servlet.resource.ResourceHttpRequestHandler]
[INFO ] 2019-03-08T08:05:48,789 [main] WebMvcAutoConfiguration$WelcomePageHandlerMapping - Adding welcome page: class path resource [public/index.html]
[INFO ] 2019-03-08T08:05:49,417 [main] AnnotationMBeanExporter - Registering beans for JMX exposure on startup
[INFO ] 2019-03-08T08:05:49,432 [main] DefaultLifecycleProcessor - Starting beans in phase 2147483647
[INFO ] 2019-03-08T08:05:49,479 [main] Http11NioProtocol - Initializing ProtocolHandler ["http-nio-50006"]
[INFO ] 2019-03-08T08:05:49,495 [main] Http11NioProtocol - Starting ProtocolHandler ["http-nio-50006"]
[INFO ] 2019-03-08T08:05:49,495 [main] NioSelectorPool - Using a shared selector for servlet write/read
[INFO ] 2019-03-08T08:05:49,541 [main] TomcatEmbeddedServletContainer - Tomcat started on port(s): 50006 (http)
[INFO ] 2019-03-08T08:05:49,541 [main] ServerKt - Started ServerKt in 16.557 seconds (JVM running for 18.873)
[INFO ] 2019-03-08T08:06:41,912 [http-nio-50006-exec-1] [/] - Initializing Spring FrameworkServlet 'dispatcherServlet'
[INFO ] 2019-03-08T08:06:41,912 [http-nio-50006-exec-1] DispatcherServlet - FrameworkServlet 'dispatcherServlet': initialization started
[INFO ] 2019-03-08T08:06:41,928 [http-nio-50006-exec-1] DispatcherServlet - FrameworkServlet 'dispatcherServlet': initialization completed in 16 ms
[INFO ] 2019-03-08T08:06:46,924 [http-nio-50005-exec-1] [/] - Initializing Spring FrameworkServlet 'dispatcherServlet'
[INFO ] 2019-03-08T08:06:46,926 [http-nio-50005-exec-1] DispatcherServlet - FrameworkServlet 'dispatcherServlet': initialization started
[INFO ] 2019-03-08T08:06:46,986 [http-nio-50005-exec-1] DispatcherServlet - FrameworkServlet 'dispatcherServlet': initialization completed in 59 ms
[INFO ] 2019-03-08T08:06:55,240 [http-nio-50007-exec-1] [/] - Initializing Spring FrameworkServlet 'dispatcherServlet'
[INFO ] 2019-03-08T08:06:55,240 [http-nio-50007-exec-1] DispatcherServlet - FrameworkServlet 'dispatcherServlet': initialization started
[INFO ] 2019-03-08T08:06:55,256 [http-nio-50007-exec-1] DispatcherServlet - FrameworkServlet 'dispatcherServlet': initialization completed in 16 ms
